build/app/outputs/mapping/release/seeds.txt
com.example.webview.MainActivity: MainActivity()
com.example.webview.MainActivity
...
org.chromium.support_lib_boundary.WebSettingsBoundaryInterface: boolean getSafeBrowsingEnabled()
io.flutter.plugin.editing.ImeSyncDeferringInsetsCallback: boolean access$202(io.flutter.plugin.editing.ImeSyncDeferringInsetsCallback,boolean)
androidx.activity.ComponentActivity$3
androidx.lifecycle.Lifecycle$Event: androidx.lifecycle.Lifecycle$Event ON_RESUME
io.flutter.plugin.editing.TextInputPlugin$InputTarget$Type: io.flutter.plugin.editing.TextInputPlugin$InputTarget$Type[] values()
io.flutter.plugins.webviewflutter.WebViewHostApiImpl$WebViewPlatformView: void setDownloadListener(android.webkit.DownloadListener)
io.flutter.plugin.editing.ImeSyncDeferringInsetsCallback$AnimationCallback
io.flutter.embedding.engine.FlutterJNI: void updateCustomAccessibilityActions(java.nio.ByteBuffer,java.lang.String[])
io.flutter.view.AccessibilityBridge$AccessibilityFeature: io.flutter.view.AccessibilityBridge$AccessibilityFeature valueOf(java.lang.String)
org.chromium.support_lib_boundary.ServiceWorkerControllerBoundaryInterface: java.lang.reflect.InvocationHandler getServiceWorkerWebSettings()
io.flutter.view.AccessibilityBridge$TextDirection: io.flutter.view.AccessibilityBridge$TextDirection valueOf(java.lang.String)
org.chromium.support_lib_boundary.WebMessageBoundaryInterface: java.lang.reflect.InvocationHandler[] getPorts()
androidx.core.graphics.drawable.IconCompatParcelizer: IconCompatParcelizer()
androidx.savedstate.SavedStateRegistry$1
org.chromium.support_lib_boundary.WebViewProviderFactoryBoundaryInterface: java.lang.reflect.InvocationHandler getStatics()
io.flutter.embedding.android.FlutterView
org.chromium.support_lib_boundary.FeatureFlagHolderBoundaryInterface
io.flutter.embedding.engine.FlutterJNI: void handlePlatformMessageResponse(int,java.nio.ByteBuffer)
io.flutter.embedding.engine.FlutterJNI: io.flutter.embedding.engine.FlutterJNI nativeSpawn(long,java.lang.String,java.lang.String,java.lang.String)
io.flutter.view.AccessibilityViewEmbedder: java.util.Map embeddedViewToDisplayBounds
io.flutter.plugin.editing.ImeSyncDeferringInsetsCallback$AnimationCallback: io.flutter.plugin.editing.ImeSyncDeferringInsetsCallback this$0
org.chromium.support_lib_boundary.WebViewProviderFactoryBoundaryInterface: java.lang.reflect.InvocationHandler getWebkitToCompatConverter()
io.flutter.plugins.webviewflutter.JavaScriptChannel: void postMessage(java.lang.String)
io.flutter.embedding.engine.FlutterJNI: void onRenderingStopped()
androidx.lifecycle.Lifecycle$Event: androidx.lifecycle.Lifecycle$Event ON_START
io.flutter.embedding.engine.renderer.SurfaceTextureWrapper: boolean released
androidx.core.graphics.drawable.IconCompatParcelizer
io.flutter.embedding.engine.FlutterJNI: boolean nativeFlutterTextUtilsIsRegionalIndicator(int)
io.flutter.embedding.engine.FlutterJNI: void nativeSurfaceCreated(long,android.view.Surface)
io.flutter.embedding.engine.FlutterJNI: void dispatchPointerDataPacket(java.nio.ByteBuffer,int)
io.flutter.plugins.GeneratedPluginRegistrant: GeneratedPluginRegistrant()
io.flutter.embedding.engine.mutatorsstack.FlutterMutatorsStack: android.graphics.Matrix finalMatrix
org.chromium.support_lib_boundary.WebResourceRequestBoundaryInterface
io.flutter.embedding.engine.FlutterJNI: void prefetchDefaultFontManager()
io.flutter.embedding.android.TransparencyMode: io.flutter.embedding.android.TransparencyMode[] values()
io.flutter.embedding.engine.FlutterJNI: void nativeInit(android.content.Context,java.lang.String[],java.lang.String,java.lang.String,java.lang.String,long)
org.chromium.support_lib_boundary.WebResourceErrorBoundaryInterface: int getErrorCode()
io.flutter.embedding.engine.mutatorsstack.FlutterMutatorsStack: void pushTransform(float[])
io.flutter.embedding.engine.FlutterJNI: void nativeMarkTextureFrameAvailable(long,long)
io.flutter.embedding.engine.FlutterJNI: io.flutter.embedding.engine.FlutterOverlaySurface createOverlaySurface()
org.chromium.support_lib_boundary.WebMessageBoundaryInterface: java.lang.String getData()