build/app/outputs/mapping/release/usage.txt
com.example.webview.R$layout
com.example.webview.R$string
com.example.webview.R$style
com.example.webview.R$mipmap
com.example.webview.R$integer
com.example.webview.R
com.example.webview.R$attr
com.example.webview.R$drawable
com.example.webview.BuildConfig
com.example.webview.R$styleable
com.example.webview.R$dimen
com.example.webview.R$id
com.example.webview.R$color
...
androidx.core.view.accessibility.AccessibilityViewCommand$MoveHtmlArguments
kotlin.coroutines.jvm.internal.CoroutineStackFrame
androidx.fragment.R$styleable
kotlin.coroutines.jvm.internal.RestrictedContinuationImpl
kotlin.annotation.Target
androidx.lifecycle.ReportFragment$LifecycleCallbacks
kotlin.coroutines.CoroutineContext$Element
androidx.core.view.DisplayCompat
kotlin.coroutines.ContinuationInterceptor$DefaultImpls
kotlin.jvm.internal.TypeReference$asString$args$1
kotlin.jvm.Transient
io.flutter.embedding.engine.dart.DartMessenger$TaskQueueToken
androidx.core.provider.FontRequestWorker$2
androidx.collection.SimpleArrayMap:
    public void <init>(int)
    public void <init>(androidx.collection.SimpleArrayMap)
    public void putAll(androidx.collection.SimpleArrayMap)
    private static final boolean DEBUG
    private static final java.lang.String TAG
    private static final boolean CONCURRENT_MODIFICATION_EXCEPTIONS
    private static final int BASE_SIZE
    private static final int CACHE_SIZE
androidx.core.graphics.TypefaceCompat
kotlin.contracts.ContractBuilderKt
kotlin.sequences.DropSequence
androidx.core.view.AccessibilityDelegateCompat$AccessibilityDelegateAdapter
kotlin.coroutines.jvm.internal.Boxing
androidx.core.location.LocationManagerCompat$CancellableLocationListener$1
androidx.annotation.StringDef
androidx.core.graphics.TypefaceCompatUtil
androidx.core.location.GnssStatusWrapper
kotlin.collections.ArraysKt___ArraysKt$asIterable$$inlined$Iterable$3
androidx.core.view.ContentInfoCompat
kotlin.sequences.DropTakeSequence
androidx.viewpager.R$integer
kotlin.concurrent.ThreadsKt
androidx.loader.app.LoaderManagerImpl$LoaderViewModel$1
androidx.versionedparcelable.ParcelUtils
io.flutter.plugin.editing.ListenableEditingState:
    private static final java.lang.String TAG
androidx.webkit.internal.WebResourceRequestAdapter
kotlin.collections.ArraysKt___ArraysJvmKt
androidx.core.text.util.LinkifyCompat$LinkifyMask
kotlin.reflect.KType$DefaultImpls
kotlin.collections.unsigned.UArraysKt___UArraysJvmKt$asList$4
kotlin.text.CharsKt
kotlin.comparisons.ComparisonsKt__ComparisonsKt$thenDescending$1
androidx.core.content.res.ResourcesCompat$ThemeCompat$ImplApi29
androidx.core.content.pm.PackageInfoCompat$Api28Impl
kotlin.collections.ByteIterator
androidx.core.view.WindowInsetsAnimationCompat
kotlin.coroutines.experimental.SequenceBuilder
kotlin.ranges.ClosedFloatRange
kotlin.time.ExperimentalTime
androidx.core.view.accessibility.AccessibilityEventCompat
kotlin.io.TextStreamsKt
kotlin.text.StringsKt__IndentKt
androidx.core.location.LocationManagerCompat$GnssStatusTransport
androidx.core.accessibilityservice.AccessibilityServiceInfoCompat
androidx.core.location.LocationCompat$Api17Impl
androidx.core.content.res.FontResourcesParserCompat
androidx.core.app.ComponentActivity:
    public void <init>()
    public void putExtraData(androidx.core.app.ComponentActivity$ExtraData)
    protected void onCreate(android.os.Bundle)
    protected void onSaveInstanceState(android.os.Bundle)
    public androidx.core.app.ComponentActivity$ExtraData getExtraData(java.lang.Class)
    public androidx.lifecycle.Lifecycle getLifecycle()
    public boolean superDispatchKeyEvent(android.view.KeyEvent)
    public boolean dispatchKeyShortcutEvent(android.view.KeyEvent)
    public boolean dispatchKeyEvent(android.view.KeyEvent)
    private androidx.collection.SimpleArrayMap mExtraDataMap
    private androidx.lifecycle.LifecycleRegistry mLifecycleRegistry
androidx.core.location.LocationManagerCompat$Api28Impl
kotlin.jvm.internal.ArrayIntIterator
androidx.fragment.app.FragmentActivity$HostCallbacks
androidx.core.view.ScrollingView
kotlin.coroutines.CombinedContext$Serialized
androidx.core.provider.RequestExecutor$ReplyRunnable$1
androidx.core.graphics.BlendModeUtils$1